<html>
   <head>
      <title>TestNG Results</title>
      <meta http-equiv="content-type" content="text/html; charset=utf-8"></meta>
      <meta http-equiv="pragma" content="no-cache"></meta>
      <meta http-equiv="cache-control" content="max-age=0"></meta>
      <meta http-equiv="cache-control" content="no-cache"></meta>
      <meta http-equiv="cache-control" content="no-store"></meta>
      <LINK rel="stylesheet" href="style.css"></LINK>
      <script type="text/javascript" src="main.js"></script>
   </head>
   <body>
      <table width="100%" style="font-size: 16px; margin-bottom: 10px;" cellspacing="1">
         <tr>
            <td width="100%">
               Test case
               
               <b>DirectoryTest</b>
            </td>
            <td style="background-color: #FFBBBB; padding: 3px 3px 3px 0;" align="center">
               <div style="width: 50px;">5</div>
            </td>
            <td style="background-color: lightgreen; padding: 3px 3px 3px 0;" align="center">
               <div style="width: 50px;">2</div>
            </td>
            <td style="background-color: #FFFFBB; padding: 3px 3px 3px 0;" align="center">
               <div style="width: 50px;">0</div>
            </td>
            <td align="center" style="background-color: #eaf0f7; padding: 3px 3px 3px 0;">
               <div style="width: 50px;">7</div>
            </td>
            <td align="center"
                style="font-weight: bold; background-color: #eaf0f7; padding: 3px 3px 3px 0;">
               <div style="width: 50px;">29%</div>
            </td>
            <td style="background-color: #eaf0f7; padding: 3px 3px 3px 0;" align="center"
                nowrap="true">39s
               
            </td>
         </tr>
      </table>
      <div style="width: 200px;">
         <label for="groupMethodsCheckBox" style="font-weight: bold; margin: 0;">
            <input id="groupMethodsCheckBox" type="checkbox" onclick="switchTestMethodsView(this)"></input>
            Group by class
            
         </label>
         <br></br>
         <label for="methodsFilter_ALL" style="font-weight: bold; margin: 0;">
            <input id="methodsFilter_ALL" type="checkbox"
                   onclick="testMethodsFilterChanged(this, 'ALL')"></input>
            All
            
         </label>
      </div>
      <label for="methodsFilter_FAIL" style="margin-left: 20px;">
         <input id="methodsFilter_FAIL" type="checkbox"
                onclick="testMethodsFilterChanged(this, 'FAIL')"
                checked=""></input>
         Failed
         
      </label>
      <label for="methodsFilter_PASS">
         <input id="methodsFilter_PASS" type="checkbox"
                onclick="testMethodsFilterChanged(this, 'PASS')"
                checked=""></input>
         Passed
         
      </label>
      <label for="methodsFilter_SKIP">
         <input id="methodsFilter_SKIP" type="checkbox"
                onclick="testMethodsFilterChanged(this, 'SKIP')"
                checked=""></input>
         Skipped
         
      </label>
      <label for="methodsFilter_CONF">
         <input id="methodsFilter_CONF" type="checkbox"
                onclick="testMethodsFilterChanged(this, 'CONF')"></input>
         Config
         
      </label>
      <br></br>
      <div id="testMethodsByStatus">
         <table class="testMethodsTable" cellpadding="0" cellspacing="0">
            <tr class="methodsTableHeader">
               <td width="100%">Name</td>
               <td nowrap="true">Started</td>
               <td nowrap="true">Duration</td>
               <td>Exception</td>
               <td>ScreenShot</td>
            </tr>
            <tr id="orange_hrm_tests.Directory_Search_searchByTitle_byStatus_failed_FAIL1_row"
                class="testMethodStatusFAIL">
               <td width="100%" class="firstMethodCell">
                  <a onclick="toggleDetailsVisibility('orange_hrm_tests.Directory_Search_searchByTitle_byStatus_failed_FAIL1_details')">searchByTitle()</a>
               </td>
               <td nowrap="true">12:01:33</td>
               <td nowrap="true" align="right">2s
                  
               </td>
               <td nowrap="true">
                  <a onclick="toggleDetailsVisibility('orange_hrm_tests.Directory_Search_searchByTitle_byStatus_failed_FAIL1_exception')">java.lang.ArrayIndexOutOfBoundsException: 
                     10
                     
                  </a>
                   
                  
               </td>
               <td nowrap="true">
                  <a onclick="toggleDetailsVisibility('orange_hrm_tests.Directory_Search_searchByTitle_byStatus_failed_FAIL1_exception')">java.lang.ArrayIndexOutOfBoundsException: 
                     10
                     
                  </a>
                   
                  
               </td>
            </tr>
            <tr>
               <td colspan="4" class="detailsBox">
                  <div id="orange_hrm_tests.Directory_Search_searchByTitle_byStatus_failed_FAIL1_details"
                       class="testMethodDetails">
                     <div>
                        <b>Name: </b>searchByTitle
                     </div>
                     <div>
                        <b>Signature: </b>searchByTitle()[pri:2, instance:orange_hrm_tests.Directory_Search@5367af]
                     </div>
                     <div>
                        <b>Start time: </b>12:01:33
                     </div>
                     <div>
                        <b>End time: </b>12:01:36
                     </div>
                     <div>
                        <b>Duration: </b>2s
                        
                     </div>
                  </div>
               </td>
            </tr>
            <tr>
               <td colspan="4" class="detailsBox">
                  <div id="orange_hrm_tests.Directory_Search_searchByTitle_byStatus_failed_FAIL1_exception"
                       class="testMethodDetails">
                     <pre style="padding: 5px; margin: 0;">java.lang.ArrayIndexOutOfBoundsException: 10
                        	at orange_hrm_methods.Directory_Page.verifyTitles(Directory_Page.java:153)
                        	at orange_hrm_tests.Directory_Search.searchByTitle(Directory_Search.java:35)
                        	at sun.reflect.NativeMethodAccessorImpl.invoke0(Native Method)
                        	at sun.reflect.NativeMethodAccessorImpl.invoke(NativeMethodAccessorImpl.java:57)
                        	at sun.reflect.DelegatingMethodAccessorImpl.invoke(DelegatingMethodAccessorImpl.java:43)
                        	at java.lang.reflect.Method.invoke(Method.java:606)
                        	at org.testng.internal.MethodInvocationHelper.invokeMethod(MethodInvocationHelper.java:85)
                        	at org.testng.internal.Invoker.invokeMethod(Invoker.java:639)
                        	at org.testng.internal.Invoker.invokeTestMethod(Invoker.java:816)
                        	at org.testng.internal.Invoker.invokeTestMethods(Invoker.java:1124)
                        	at org.testng.internal.TestMethodWorker.invokeTestMethods(TestMethodWorker.java:125)
                        	at org.testng.internal.TestMethodWorker.run(TestMethodWorker.java:108)
                        	at org.testng.TestRunner.privateRun(TestRunner.java:774)
                        	at org.testng.TestRunner.run(TestRunner.java:624)
                        	at org.testng.SuiteRunner.runTest(SuiteRunner.java:359)
                        	at org.testng.SuiteRunner.runSequentially(SuiteRunner.java:354)
                        	at org.testng.SuiteRunner.privateRun(SuiteRunner.java:312)
                        	at org.testng.SuiteRunner.run(SuiteRunner.java:261)
                        	at org.testng.SuiteRunnerWorker.runSuite(SuiteRunnerWorker.java:52)
                        	at org.testng.SuiteRunnerWorker.run(SuiteRunnerWorker.java:86)
                        	at org.testng.TestNG.runSuitesSequentially(TestNG.java:1215)
                        	at org.testng.TestNG.runSuitesLocally(TestNG.java:1140)
                        	at org.testng.TestNG.run(TestNG.java:1048)
                        	at org.testng.TestNG.privateMain(TestNG.java:1355)
                        	at org.testng.TestNG.main(TestNG.java:1324)
                     </pre>
                  </div>
               </td>
            </tr>
            <tr id="orange_hrm_tests.Directory_Search_searchByNameTitle_byStatus_failed_FAIL2_row"
                class="testMethodStatusFAIL">
               <td width="100%" class="firstMethodCell">
                  <a onclick="toggleDetailsVisibility('orange_hrm_tests.Directory_Search_searchByNameTitle_byStatus_failed_FAIL2_details')">searchByNameTitle()</a>
               </td>
               <td nowrap="true">12:01:41</td>
               <td nowrap="true" align="right">1s
                  
               </td>
               <td nowrap="true">
                  <a onclick="toggleDetailsVisibility('orange_hrm_tests.Directory_Search_searchByNameTitle_byStatus_failed_FAIL2_exception')">java.lang.ArrayIndexOutOfBoundsException: 
                     10
                     
                  </a>
                   
                  
               </td>
               <td nowrap="true">
                  <a onclick="toggleDetailsVisibility('orange_hrm_tests.Directory_Search_searchByNameTitle_byStatus_failed_FAIL2_exception')">java.lang.ArrayIndexOutOfBoundsException: 
                     10
                     
                  </a>
                   
                  
               </td>
            </tr>
            <tr>
               <td colspan="4" class="detailsBox">
                  <div id="orange_hrm_tests.Directory_Search_searchByNameTitle_byStatus_failed_FAIL2_details"
                       class="testMethodDetails">
                     <div>
                        <b>Name: </b>searchByNameTitle
                     </div>
                     <div>
                        <b>Signature: </b>searchByNameTitle()[pri:4, instance:orange_hrm_tests.Directory_Search@5367af]
                     </div>
                     <div>
                        <b>Start time: </b>12:01:41
                     </div>
                     <div>
                        <b>End time: </b>12:01:43
                     </div>
                     <div>
                        <b>Duration: </b>1s
                        
                     </div>
                  </div>
               </td>
            </tr>
            <tr>
               <td colspan="4" class="detailsBox">
                  <div id="orange_hrm_tests.Directory_Search_searchByNameTitle_byStatus_failed_FAIL2_exception"
                       class="testMethodDetails">
                     <pre style="padding: 5px; margin: 0;">java.lang.ArrayIndexOutOfBoundsException: 10
                        	at orange_hrm_methods.Directory_Page.verifyTitles(Directory_Page.java:153)
                        	at orange_hrm_tests.Directory_Search.searchByNameTitle(Directory_Search.java:45)
                        	at sun.reflect.NativeMethodAccessorImpl.invoke0(Native Method)
                        	at sun.reflect.NativeMethodAccessorImpl.invoke(NativeMethodAccessorImpl.java:57)
                        	at sun.reflect.DelegatingMethodAccessorImpl.invoke(DelegatingMethodAccessorImpl.java:43)
                        	at java.lang.reflect.Method.invoke(Method.java:606)
                        	at org.testng.internal.MethodInvocationHelper.invokeMethod(MethodInvocationHelper.java:85)
                        	at org.testng.internal.Invoker.invokeMethod(Invoker.java:639)
                        	at org.testng.internal.Invoker.invokeTestMethod(Invoker.java:816)
                        	at org.testng.internal.Invoker.invokeTestMethods(Invoker.java:1124)
                        	at org.testng.internal.TestMethodWorker.invokeTestMethods(TestMethodWorker.java:125)
                        	at org.testng.internal.TestMethodWorker.run(TestMethodWorker.java:108)
                        	at org.testng.TestRunner.privateRun(TestRunner.java:774)
                        	at org.testng.TestRunner.run(TestRunner.java:624)
                        	at org.testng.SuiteRunner.runTest(SuiteRunner.java:359)
                        	at org.testng.SuiteRunner.runSequentially(SuiteRunner.java:354)
                        	at org.testng.SuiteRunner.privateRun(SuiteRunner.java:312)
                        	at org.testng.SuiteRunner.run(SuiteRunner.java:261)
                        	at org.testng.SuiteRunnerWorker.runSuite(SuiteRunnerWorker.java:52)
                        	at org.testng.SuiteRunnerWorker.run(SuiteRunnerWorker.java:86)
                        	at org.testng.TestNG.runSuitesSequentially(TestNG.java:1215)
                        	at org.testng.TestNG.runSuitesLocally(TestNG.java:1140)
                        	at org.testng.TestNG.run(TestNG.java:1048)
                        	at org.testng.TestNG.privateMain(TestNG.java:1355)
                        	at org.testng.TestNG.main(TestNG.java:1324)
                     </pre>
                  </div>
               </td>
            </tr>
            <tr id="orange_hrm_tests.Directory_Search_searchByTitleLocation_byStatus_failed_FAIL3_row"
                class="testMethodStatusFAIL">
               <td width="100%" class="firstMethodCell">
                  <a onclick="toggleDetailsVisibility('orange_hrm_tests.Directory_Search_searchByTitleLocation_byStatus_failed_FAIL3_details')">searchByTitleLocation()</a>
               </td>
               <td nowrap="true">12:01:43</td>
               <td nowrap="true" align="right">1s
                  
               </td>
               <td nowrap="true">
                  <a onclick="toggleDetailsVisibility('orange_hrm_tests.Directory_Search_searchByTitleLocation_byStatus_failed_FAIL3_exception')">java.lang.ArrayIndexOutOfBoundsException: 
                     10
                     
                  </a>
                   
                  
               </td>
               <td nowrap="true">
                  <a onclick="toggleDetailsVisibility('orange_hrm_tests.Directory_Search_searchByTitleLocation_byStatus_failed_FAIL3_exception')">java.lang.ArrayIndexOutOfBoundsException: 
                     10
                     
                  </a>
                   
                  
               </td>
            </tr>
            <tr>
               <td colspan="4" class="detailsBox">
                  <div id="orange_hrm_tests.Directory_Search_searchByTitleLocation_byStatus_failed_FAIL3_details"
                       class="testMethodDetails">
                     <div>
                        <b>Name: </b>searchByTitleLocation
                     </div>
                     <div>
                        <b>Signature: </b>searchByTitleLocation()[pri:5, instance:orange_hrm_tests.Directory_Search@5367af]
                     </div>
                     <div>
                        <b>Start time: </b>12:01:43
                     </div>
                     <div>
                        <b>End time: </b>12:01:45
                     </div>
                     <div>
                        <b>Duration: </b>1s
                        
                     </div>
                  </div>
               </td>
            </tr>
            <tr>
               <td colspan="4" class="detailsBox">
                  <div id="orange_hrm_tests.Directory_Search_searchByTitleLocation_byStatus_failed_FAIL3_exception"
                       class="testMethodDetails">
                     <pre style="padding: 5px; margin: 0;">java.lang.ArrayIndexOutOfBoundsException: 10
                        	at orange_hrm_methods.Directory_Page.verifyTitles(Directory_Page.java:153)
                        	at orange_hrm_tests.Directory_Search.searchByTitleLocation(Directory_Search.java:65)
                        	at sun.reflect.NativeMethodAccessorImpl.invoke0(Native Method)
                        	at sun.reflect.NativeMethodAccessorImpl.invoke(NativeMethodAccessorImpl.java:57)
                        	at sun.reflect.DelegatingMethodAccessorImpl.invoke(DelegatingMethodAccessorImpl.java:43)
                        	at java.lang.reflect.Method.invoke(Method.java:606)
                        	at org.testng.internal.MethodInvocationHelper.invokeMethod(MethodInvocationHelper.java:85)
                        	at org.testng.internal.Invoker.invokeMethod(Invoker.java:639)
                        	at org.testng.internal.Invoker.invokeTestMethod(Invoker.java:816)
                        	at org.testng.internal.Invoker.invokeTestMethods(Invoker.java:1124)
                        	at org.testng.internal.TestMethodWorker.invokeTestMethods(TestMethodWorker.java:125)
                        	at org.testng.internal.TestMethodWorker.run(TestMethodWorker.java:108)
                        	at org.testng.TestRunner.privateRun(TestRunner.java:774)
                        	at org.testng.TestRunner.run(TestRunner.java:624)
                        	at org.testng.SuiteRunner.runTest(SuiteRunner.java:359)
                        	at org.testng.SuiteRunner.runSequentially(SuiteRunner.java:354)
                        	at org.testng.SuiteRunner.privateRun(SuiteRunner.java:312)
                        	at org.testng.SuiteRunner.run(SuiteRunner.java:261)
                        	at org.testng.SuiteRunnerWorker.runSuite(SuiteRunnerWorker.java:52)
                        	at org.testng.SuiteRunnerWorker.run(SuiteRunnerWorker.java:86)
                        	at org.testng.TestNG.runSuitesSequentially(TestNG.java:1215)
                        	at org.testng.TestNG.runSuitesLocally(TestNG.java:1140)
                        	at org.testng.TestNG.run(TestNG.java:1048)
                        	at org.testng.TestNG.privateMain(TestNG.java:1355)
                        	at org.testng.TestNG.main(TestNG.java:1324)
                     </pre>
                  </div>
               </td>
            </tr>
            <tr id="orange_hrm_tests.Directory_Search_searchByNameLocation_byStatus_failed_FAIL4_row"
                class="testMethodStatusFAIL">
               <td width="100%" class="firstMethodCell">
                  <a onclick="toggleDetailsVisibility('orange_hrm_tests.Directory_Search_searchByNameLocation_byStatus_failed_FAIL4_details')">searchByNameLocation()</a>
               </td>
               <td nowrap="true">12:01:45</td>
               <td nowrap="true" align="right">1s
                  
               </td>
               <td nowrap="true">
                  <a onclick="toggleDetailsVisibility('orange_hrm_tests.Directory_Search_searchByNameLocation_byStatus_failed_FAIL4_exception')">java.lang.ArrayIndexOutOfBoundsException: 
                     10
                     
                  </a>
                   
                  
               </td>
               <td nowrap="true">
                  <a onclick="toggleDetailsVisibility('orange_hrm_tests.Directory_Search_searchByNameLocation_byStatus_failed_FAIL4_exception')">java.lang.ArrayIndexOutOfBoundsException: 
                     10
                     
                  </a>
                   
                  
               </td>
            </tr>
            <tr>
               <td colspan="4" class="detailsBox">
                  <div id="orange_hrm_tests.Directory_Search_searchByNameLocation_byStatus_failed_FAIL4_details"
                       class="testMethodDetails">
                     <div>
                        <b>Name: </b>searchByNameLocation
                     </div>
                     <div>
                        <b>Signature: </b>searchByNameLocation()[pri:6, instance:orange_hrm_tests.Directory_Search@5367af]
                     </div>
                     <div>
                        <b>Start time: </b>12:01:45
                     </div>
                     <div>
                        <b>End time: </b>12:01:47
                     </div>
                     <div>
                        <b>Duration: </b>1s
                        
                     </div>
                  </div>
               </td>
            </tr>
            <tr>
               <td colspan="4" class="detailsBox">
                  <div id="orange_hrm_tests.Directory_Search_searchByNameLocation_byStatus_failed_FAIL4_exception"
                       class="testMethodDetails">
                     <pre style="padding: 5px; margin: 0;">java.lang.ArrayIndexOutOfBoundsException: 10
                        	at orange_hrm_methods.Directory_Page.verifyTitles(Directory_Page.java:153)
                        	at orange_hrm_tests.Directory_Search.searchByNameLocation(Directory_Search.java:55)
                        	at sun.reflect.NativeMethodAccessorImpl.invoke0(Native Method)
                        	at sun.reflect.NativeMethodAccessorImpl.invoke(NativeMethodAccessorImpl.java:57)
                        	at sun.reflect.DelegatingMethodAccessorImpl.invoke(DelegatingMethodAccessorImpl.java:43)
                        	at java.lang.reflect.Method.invoke(Method.java:606)
                        	at org.testng.internal.MethodInvocationHelper.invokeMethod(MethodInvocationHelper.java:85)
                        	at org.testng.internal.Invoker.invokeMethod(Invoker.java:639)
                        	at org.testng.internal.Invoker.invokeTestMethod(Invoker.java:816)
                        	at org.testng.internal.Invoker.invokeTestMethods(Invoker.java:1124)
                        	at org.testng.internal.TestMethodWorker.invokeTestMethods(TestMethodWorker.java:125)
                        	at org.testng.internal.TestMethodWorker.run(TestMethodWorker.java:108)
                        	at org.testng.TestRunner.privateRun(TestRunner.java:774)
                        	at org.testng.TestRunner.run(TestRunner.java:624)
                        	at org.testng.SuiteRunner.runTest(SuiteRunner.java:359)
                        	at org.testng.SuiteRunner.runSequentially(SuiteRunner.java:354)
                        	at org.testng.SuiteRunner.privateRun(SuiteRunner.java:312)
                        	at org.testng.SuiteRunner.run(SuiteRunner.java:261)
                        	at org.testng.SuiteRunnerWorker.runSuite(SuiteRunnerWorker.java:52)
                        	at org.testng.SuiteRunnerWorker.run(SuiteRunnerWorker.java:86)
                        	at org.testng.TestNG.runSuitesSequentially(TestNG.java:1215)
                        	at org.testng.TestNG.runSuitesLocally(TestNG.java:1140)
                        	at org.testng.TestNG.run(TestNG.java:1048)
                        	at org.testng.TestNG.privateMain(TestNG.java:1355)
                        	at org.testng.TestNG.main(TestNG.java:1324)
                     </pre>
                  </div>
               </td>
            </tr>
            <tr id="orange_hrm_tests.Directory_Search_searchByNameTitleLocation_byStatus_failed_FAIL5_row"
                class="testMethodStatusFAIL">
               <td width="100%" class="firstMethodCell">
                  <a onclick="toggleDetailsVisibility('orange_hrm_tests.Directory_Search_searchByNameTitleLocation_byStatus_failed_FAIL5_details')">searchByNameTitleLocation()</a>
               </td>
               <td nowrap="true">12:01:47</td>
               <td nowrap="true" align="right">1s
                  
               </td>
               <td nowrap="true">
                  <a onclick="toggleDetailsVisibility('orange_hrm_tests.Directory_Search_searchByNameTitleLocation_byStatus_failed_FAIL5_exception')">java.lang.ArrayIndexOutOfBoundsException: 
                     10
                     
                  </a>
                   
                  
               </td>
               <td nowrap="true">
                  <a onclick="toggleDetailsVisibility('orange_hrm_tests.Directory_Search_searchByNameTitleLocation_byStatus_failed_FAIL5_exception')">java.lang.ArrayIndexOutOfBoundsException: 
                     10
                     
                  </a>
                   
                  
               </td>
            </tr>
            <tr>
               <td colspan="4" class="detailsBox">
                  <div id="orange_hrm_tests.Directory_Search_searchByNameTitleLocation_byStatus_failed_FAIL5_details"
                       class="testMethodDetails">
                     <div>
                        <b>Name: </b>searchByNameTitleLocation
                     </div>
                     <div>
                        <b>Signature: </b>searchByNameTitleLocation()[pri:7, instance:orange_hrm_tests.Directory_Search@5367af]
                     </div>
                     <div>
                        <b>Start time: </b>12:01:47
                     </div>
                     <div>
                        <b>End time: </b>12:01:48
                     </div>
                     <div>
                        <b>Duration: </b>1s
                        
                     </div>
                  </div>
               </td>
            </tr>
            <tr>
               <td colspan="4" class="detailsBox">
                  <div id="orange_hrm_tests.Directory_Search_searchByNameTitleLocation_byStatus_failed_FAIL5_exception"
                       class="testMethodDetails">
                     <pre style="padding: 5px; margin: 0;">java.lang.ArrayIndexOutOfBoundsException: 10
                        	at orange_hrm_methods.Directory_Page.verifyTitles(Directory_Page.java:153)
                        	at orange_hrm_tests.Directory_Search.searchByNameTitleLocation(Directory_Search.java:74)
                        	at sun.reflect.NativeMethodAccessorImpl.invoke0(Native Method)
                        	at sun.reflect.NativeMethodAccessorImpl.invoke(NativeMethodAccessorImpl.java:57)
                        	at sun.reflect.DelegatingMethodAccessorImpl.invoke(DelegatingMethodAccessorImpl.java:43)
                        	at java.lang.reflect.Method.invoke(Method.java:606)
                        	at org.testng.internal.MethodInvocationHelper.invokeMethod(MethodInvocationHelper.java:85)
                        	at org.testng.internal.Invoker.invokeMethod(Invoker.java:639)
                        	at org.testng.internal.Invoker.invokeTestMethod(Invoker.java:816)
                        	at org.testng.internal.Invoker.invokeTestMethods(Invoker.java:1124)
                        	at org.testng.internal.TestMethodWorker.invokeTestMethods(TestMethodWorker.java:125)
                        	at org.testng.internal.TestMethodWorker.run(TestMethodWorker.java:108)
                        	at org.testng.TestRunner.privateRun(TestRunner.java:774)
                        	at org.testng.TestRunner.run(TestRunner.java:624)
                        	at org.testng.SuiteRunner.runTest(SuiteRunner.java:359)
                        	at org.testng.SuiteRunner.runSequentially(SuiteRunner.java:354)
                        	at org.testng.SuiteRunner.privateRun(SuiteRunner.java:312)
                        	at org.testng.SuiteRunner.run(SuiteRunner.java:261)
                        	at org.testng.SuiteRunnerWorker.runSuite(SuiteRunnerWorker.java:52)
                        	at org.testng.SuiteRunnerWorker.run(SuiteRunnerWorker.java:86)
                        	at org.testng.TestNG.runSuitesSequentially(TestNG.java:1215)
                        	at org.testng.TestNG.runSuitesLocally(TestNG.java:1140)
                        	at org.testng.TestNG.run(TestNG.java:1048)
                        	at org.testng.TestNG.privateMain(TestNG.java:1355)
                        	at org.testng.TestNG.main(TestNG.java:1324)
                     </pre>
                  </div>
               </td>
            </tr>
            <tr id="orange_hrm_tests.Directory_Search_searchByName_byStatus_passed_PASS1_row"
                class="testMethodStatusPASS">
               <td width="100%" class="firstMethodCell">
                  <a onclick="toggleDetailsVisibility('orange_hrm_tests.Directory_Search_searchByName_byStatus_passed_PASS1_details')">searchByName()</a>
               </td>
               <td nowrap="true">12:01:09</td>
               <td nowrap="true" align="right">23s
                  
               </td>
               <td nowrap="true">
                   
                  
               </td>
               <td nowrap="true">
                   
                  
               </td>
            </tr>
            <tr>
               <td colspan="4" class="detailsBox">
                  <div id="orange_hrm_tests.Directory_Search_searchByName_byStatus_passed_PASS1_details"
                       class="testMethodDetails">
                     <div>
                        <b>Name: </b>searchByName
                     </div>
                     <div>
                        <b>Signature: </b>searchByName()[pri:1, instance:orange_hrm_tests.Directory_Search@5367af]
                     </div>
                     <div>
                        <b>Start time: </b>12:01:09
                     </div>
                     <div>
                        <b>End time: </b>12:01:33
                     </div>
                     <div>
                        <b>Duration: </b>23s
                        
                     </div>
                  </div>
               </td>
            </tr>
            <tr></tr>
            <tr id="orange_hrm_tests.Directory_Search_searchByLocation_byStatus_passed_PASS2_row"
                class="testMethodStatusPASS">
               <td width="100%" class="firstMethodCell">
                  <a onclick="toggleDetailsVisibility('orange_hrm_tests.Directory_Search_searchByLocation_byStatus_passed_PASS2_details')">searchByLocation()</a>
               </td>
               <td nowrap="true">12:01:36</td>
               <td nowrap="true" align="right">5s
                  
               </td>
               <td nowrap="true">
                   
                  
               </td>
               <td nowrap="true">
                   
                  
               </td>
            </tr>
            <tr>
               <td colspan="4" class="detailsBox">
                  <div id="orange_hrm_tests.Directory_Search_searchByLocation_byStatus_passed_PASS2_details"
                       class="testMethodDetails">
                     <div>
                        <b>Name: </b>searchByLocation
                     </div>
                     <div>
                        <b>Signature: </b>searchByLocation()[pri:3, instance:orange_hrm_tests.Directory_Search@5367af]
                     </div>
                     <div>
                        <b>Start time: </b>12:01:36
                     </div>
                     <div>
                        <b>End time: </b>12:01:41
                     </div>
                     <div>
                        <b>Duration: </b>5s
                        
                     </div>
                  </div>
               </td>
            </tr>
            <tr></tr>
         </table>
      </div>
      <div id="testMethodsByClass" style="display: none;">
         <table class="testMethodsTable" cellpadding="0" cellspacing="0">
            <tr>
               <td colspan="4">
                  <h3 style="display: inline;">orange_hrm_tests.Directory_Search</h3>
               </td>
            </tr>
            <tr class="methodsTableHeader">
               <td width="100%">Name</td>
               <td nowrap="true">Started</td>
               <td nowrap="true">Duration</td>
               <td>Exception</td>
            </tr>
            <tr id="orange_hrm_tests.Directory_Search_searchByName_byClass_PASS1_row"
                class="testMethodStatusPASS">
               <td width="100%" class="firstMethodCell">
                  <a onclick="toggleDetailsVisibility('orange_hrm_tests.Directory_Search_searchByName_byClass_PASS1_details')">searchByName()</a>
               </td>
               <td nowrap="true">12:01:09</td>
               <td nowrap="true" align="right">23s
                  
               </td>
               <td nowrap="true">
                   
                  
               </td>
               <td nowrap="true">
                   
                  
               </td>
            </tr>
            <tr>
               <td colspan="4" class="detailsBox">
                  <div id="orange_hrm_tests.Directory_Search_searchByName_byClass_PASS1_details"
                       class="testMethodDetails">
                     <div>
                        <b>Name: </b>searchByName
                     </div>
                     <div>
                        <b>Signature: </b>searchByName()[pri:1, instance:orange_hrm_tests.Directory_Search@5367af]
                     </div>
                     <div>
                        <b>Start time: </b>12:01:09
                     </div>
                     <div>
                        <b>End time: </b>12:01:33
                     </div>
                     <div>
                        <b>Duration: </b>23s
                        
                     </div>
                  </div>
               </td>
            </tr>
            <tr></tr>
            <tr id="orange_hrm_tests.Directory_Search_searchByTitle_byClass_FAIL2_row"
                class="testMethodStatusFAIL">
               <td width="100%" class="firstMethodCell">
                  <a onclick="toggleDetailsVisibility('orange_hrm_tests.Directory_Search_searchByTitle_byClass_FAIL2_details')">searchByTitle()</a>
               </td>
               <td nowrap="true">12:01:33</td>
               <td nowrap="true" align="right">2s
                  
               </td>
               <td nowrap="true">
                  <a onclick="toggleDetailsVisibility('orange_hrm_tests.Directory_Search_searchByTitle_byClass_FAIL2_exception')">java.lang.ArrayIndexOutOfBoundsException: 
                     10
                     
                  </a>
                   
                  
               </td>
               <td nowrap="true">
                  <a onclick="toggleDetailsVisibility('orange_hrm_tests.Directory_Search_searchByTitle_byClass_FAIL2_exception')">java.lang.ArrayIndexOutOfBoundsException: 
                     10
                     
                  </a>
                   
                  
               </td>
            </tr>
            <tr>
               <td colspan="4" class="detailsBox">
                  <div id="orange_hrm_tests.Directory_Search_searchByTitle_byClass_FAIL2_details"
                       class="testMethodDetails">
                     <div>
                        <b>Name: </b>searchByTitle
                     </div>
                     <div>
                        <b>Signature: </b>searchByTitle()[pri:2, instance:orange_hrm_tests.Directory_Search@5367af]
                     </div>
                     <div>
                        <b>Start time: </b>12:01:33
                     </div>
                     <div>
                        <b>End time: </b>12:01:36
                     </div>
                     <div>
                        <b>Duration: </b>2s
                        
                     </div>
                  </div>
               </td>
            </tr>
            <tr>
               <td colspan="4" class="detailsBox">
                  <div id="orange_hrm_tests.Directory_Search_searchByTitle_byClass_FAIL2_exception"
                       class="testMethodDetails">
                     <pre style="padding: 5px; margin: 0;">java.lang.ArrayIndexOutOfBoundsException: 10
                        	at orange_hrm_methods.Directory_Page.verifyTitles(Directory_Page.java:153)
                        	at orange_hrm_tests.Directory_Search.searchByTitle(Directory_Search.java:35)
                        	at sun.reflect.NativeMethodAccessorImpl.invoke0(Native Method)
                        	at sun.reflect.NativeMethodAccessorImpl.invoke(NativeMethodAccessorImpl.java:57)
                        	at sun.reflect.DelegatingMethodAccessorImpl.invoke(DelegatingMethodAccessorImpl.java:43)
                        	at java.lang.reflect.Method.invoke(Method.java:606)
                        	at org.testng.internal.MethodInvocationHelper.invokeMethod(MethodInvocationHelper.java:85)
                        	at org.testng.internal.Invoker.invokeMethod(Invoker.java:639)
                        	at org.testng.internal.Invoker.invokeTestMethod(Invoker.java:816)
                        	at org.testng.internal.Invoker.invokeTestMethods(Invoker.java:1124)
                        	at org.testng.internal.TestMethodWorker.invokeTestMethods(TestMethodWorker.java:125)
                        	at org.testng.internal.TestMethodWorker.run(TestMethodWorker.java:108)
                        	at org.testng.TestRunner.privateRun(TestRunner.java:774)
                        	at org.testng.TestRunner.run(TestRunner.java:624)
                        	at org.testng.SuiteRunner.runTest(SuiteRunner.java:359)
                        	at org.testng.SuiteRunner.runSequentially(SuiteRunner.java:354)
                        	at org.testng.SuiteRunner.privateRun(SuiteRunner.java:312)
                        	at org.testng.SuiteRunner.run(SuiteRunner.java:261)
                        	at org.testng.SuiteRunnerWorker.runSuite(SuiteRunnerWorker.java:52)
                        	at org.testng.SuiteRunnerWorker.run(SuiteRunnerWorker.java:86)
                        	at org.testng.TestNG.runSuitesSequentially(TestNG.java:1215)
                        	at org.testng.TestNG.runSuitesLocally(TestNG.java:1140)
                        	at org.testng.TestNG.run(TestNG.java:1048)
                        	at org.testng.TestNG.privateMain(TestNG.java:1355)
                        	at org.testng.TestNG.main(TestNG.java:1324)
                     </pre>
                  </div>
               </td>
            </tr>
            <tr id="orange_hrm_tests.Directory_Search_searchByLocation_byClass_PASS3_row"
                class="testMethodStatusPASS">
               <td width="100%" class="firstMethodCell">
                  <a onclick="toggleDetailsVisibility('orange_hrm_tests.Directory_Search_searchByLocation_byClass_PASS3_details')">searchByLocation()</a>
               </td>
               <td nowrap="true">12:01:36</td>
               <td nowrap="true" align="right">5s
                  
               </td>
               <td nowrap="true">
                   
                  
               </td>
               <td nowrap="true">
                   
                  
               </td>
            </tr>
            <tr>
               <td colspan="4" class="detailsBox">
                  <div id="orange_hrm_tests.Directory_Search_searchByLocation_byClass_PASS3_details"
                       class="testMethodDetails">
                     <div>
                        <b>Name: </b>searchByLocation
                     </div>
                     <div>
                        <b>Signature: </b>searchByLocation()[pri:3, instance:orange_hrm_tests.Directory_Search@5367af]
                     </div>
                     <div>
                        <b>Start time: </b>12:01:36
                     </div>
                     <div>
                        <b>End time: </b>12:01:41
                     </div>
                     <div>
                        <b>Duration: </b>5s
                        
                     </div>
                  </div>
               </td>
            </tr>
            <tr></tr>
            <tr id="orange_hrm_tests.Directory_Search_searchByNameTitle_byClass_FAIL4_row"
                class="testMethodStatusFAIL">
               <td width="100%" class="firstMethodCell">
                  <a onclick="toggleDetailsVisibility('orange_hrm_tests.Directory_Search_searchByNameTitle_byClass_FAIL4_details')">searchByNameTitle()</a>
               </td>
               <td nowrap="true">12:01:41</td>
               <td nowrap="true" align="right">1s
                  
               </td>
               <td nowrap="true">
                  <a onclick="toggleDetailsVisibility('orange_hrm_tests.Directory_Search_searchByNameTitle_byClass_FAIL4_exception')">java.lang.ArrayIndexOutOfBoundsException: 
                     10
                     
                  </a>
                   
                  
               </td>
               <td nowrap="true">
                  <a onclick="toggleDetailsVisibility('orange_hrm_tests.Directory_Search_searchByNameTitle_byClass_FAIL4_exception')">java.lang.ArrayIndexOutOfBoundsException: 
                     10
                     
                  </a>
                   
                  
               </td>
            </tr>
            <tr>
               <td colspan="4" class="detailsBox">
                  <div id="orange_hrm_tests.Directory_Search_searchByNameTitle_byClass_FAIL4_details"
                       class="testMethodDetails">
                     <div>
                        <b>Name: </b>searchByNameTitle
                     </div>
                     <div>
                        <b>Signature: </b>searchByNameTitle()[pri:4, instance:orange_hrm_tests.Directory_Search@5367af]
                     </div>
                     <div>
                        <b>Start time: </b>12:01:41
                     </div>
                     <div>
                        <b>End time: </b>12:01:43
                     </div>
                     <div>
                        <b>Duration: </b>1s
                        
                     </div>
                  </div>
               </td>
            </tr>
            <tr>
               <td colspan="4" class="detailsBox">
                  <div id="orange_hrm_tests.Directory_Search_searchByNameTitle_byClass_FAIL4_exception"
                       class="testMethodDetails">
                     <pre style="padding: 5px; margin: 0;">java.lang.ArrayIndexOutOfBoundsException: 10
                        	at orange_hrm_methods.Directory_Page.verifyTitles(Directory_Page.java:153)
                        	at orange_hrm_tests.Directory_Search.searchByNameTitle(Directory_Search.java:45)
                        	at sun.reflect.NativeMethodAccessorImpl.invoke0(Native Method)
                        	at sun.reflect.NativeMethodAccessorImpl.invoke(NativeMethodAccessorImpl.java:57)
                        	at sun.reflect.DelegatingMethodAccessorImpl.invoke(DelegatingMethodAccessorImpl.java:43)
                        	at java.lang.reflect.Method.invoke(Method.java:606)
                        	at org.testng.internal.MethodInvocationHelper.invokeMethod(MethodInvocationHelper.java:85)
                        	at org.testng.internal.Invoker.invokeMethod(Invoker.java:639)
                        	at org.testng.internal.Invoker.invokeTestMethod(Invoker.java:816)
                        	at org.testng.internal.Invoker.invokeTestMethods(Invoker.java:1124)
                        	at org.testng.internal.TestMethodWorker.invokeTestMethods(TestMethodWorker.java:125)
                        	at org.testng.internal.TestMethodWorker.run(TestMethodWorker.java:108)
                        	at org.testng.TestRunner.privateRun(TestRunner.java:774)
                        	at org.testng.TestRunner.run(TestRunner.java:624)
                        	at org.testng.SuiteRunner.runTest(SuiteRunner.java:359)
                        	at org.testng.SuiteRunner.runSequentially(SuiteRunner.java:354)
                        	at org.testng.SuiteRunner.privateRun(SuiteRunner.java:312)
                        	at org.testng.SuiteRunner.run(SuiteRunner.java:261)
                        	at org.testng.SuiteRunnerWorker.runSuite(SuiteRunnerWorker.java:52)
                        	at org.testng.SuiteRunnerWorker.run(SuiteRunnerWorker.java:86)
                        	at org.testng.TestNG.runSuitesSequentially(TestNG.java:1215)
                        	at org.testng.TestNG.runSuitesLocally(TestNG.java:1140)
                        	at org.testng.TestNG.run(TestNG.java:1048)
                        	at org.testng.TestNG.privateMain(TestNG.java:1355)
                        	at org.testng.TestNG.main(TestNG.java:1324)
                     </pre>
                  </div>
               </td>
            </tr>
            <tr id="orange_hrm_tests.Directory_Search_searchByTitleLocation_byClass_FAIL5_row"
                class="testMethodStatusFAIL">
               <td width="100%" class="firstMethodCell">
                  <a onclick="toggleDetailsVisibility('orange_hrm_tests.Directory_Search_searchByTitleLocation_byClass_FAIL5_details')">searchByTitleLocation()</a>
               </td>
               <td nowrap="true">12:01:43</td>
               <td nowrap="true" align="right">1s
                  
               </td>
               <td nowrap="true">
                  <a onclick="toggleDetailsVisibility('orange_hrm_tests.Directory_Search_searchByTitleLocation_byClass_FAIL5_exception')">java.lang.ArrayIndexOutOfBoundsException: 
                     10
                     
                  </a>
                   
                  
               </td>
               <td nowrap="true">
                  <a onclick="toggleDetailsVisibility('orange_hrm_tests.Directory_Search_searchByTitleLocation_byClass_FAIL5_exception')">java.lang.ArrayIndexOutOfBoundsException: 
                     10
                     
                  </a>
                   
                  
               </td>
            </tr>
            <tr>
               <td colspan="4" class="detailsBox">
                  <div id="orange_hrm_tests.Directory_Search_searchByTitleLocation_byClass_FAIL5_details"
                       class="testMethodDetails">
                     <div>
                        <b>Name: </b>searchByTitleLocation
                     </div>
                     <div>
                        <b>Signature: </b>searchByTitleLocation()[pri:5, instance:orange_hrm_tests.Directory_Search@5367af]
                     </div>
                     <div>
                        <b>Start time: </b>12:01:43
                     </div>
                     <div>
                        <b>End time: </b>12:01:45
                     </div>
                     <div>
                        <b>Duration: </b>1s
                        
                     </div>
                  </div>
               </td>
            </tr>
            <tr>
               <td colspan="4" class="detailsBox">
                  <div id="orange_hrm_tests.Directory_Search_searchByTitleLocation_byClass_FAIL5_exception"
                       class="testMethodDetails">
                     <pre style="padding: 5px; margin: 0;">java.lang.ArrayIndexOutOfBoundsException: 10
                        	at orange_hrm_methods.Directory_Page.verifyTitles(Directory_Page.java:153)
                        	at orange_hrm_tests.Directory_Search.searchByTitleLocation(Directory_Search.java:65)
                        	at sun.reflect.NativeMethodAccessorImpl.invoke0(Native Method)
                        	at sun.reflect.NativeMethodAccessorImpl.invoke(NativeMethodAccessorImpl.java:57)
                        	at sun.reflect.DelegatingMethodAccessorImpl.invoke(DelegatingMethodAccessorImpl.java:43)
                        	at java.lang.reflect.Method.invoke(Method.java:606)
                        	at org.testng.internal.MethodInvocationHelper.invokeMethod(MethodInvocationHelper.java:85)
                        	at org.testng.internal.Invoker.invokeMethod(Invoker.java:639)
                        	at org.testng.internal.Invoker.invokeTestMethod(Invoker.java:816)
                        	at org.testng.internal.Invoker.invokeTestMethods(Invoker.java:1124)
                        	at org.testng.internal.TestMethodWorker.invokeTestMethods(TestMethodWorker.java:125)
                        	at org.testng.internal.TestMethodWorker.run(TestMethodWorker.java:108)
                        	at org.testng.TestRunner.privateRun(TestRunner.java:774)
                        	at org.testng.TestRunner.run(TestRunner.java:624)
                        	at org.testng.SuiteRunner.runTest(SuiteRunner.java:359)
                        	at org.testng.SuiteRunner.runSequentially(SuiteRunner.java:354)
                        	at org.testng.SuiteRunner.privateRun(SuiteRunner.java:312)
                        	at org.testng.SuiteRunner.run(SuiteRunner.java:261)
                        	at org.testng.SuiteRunnerWorker.runSuite(SuiteRunnerWorker.java:52)
                        	at org.testng.SuiteRunnerWorker.run(SuiteRunnerWorker.java:86)
                        	at org.testng.TestNG.runSuitesSequentially(TestNG.java:1215)
                        	at org.testng.TestNG.runSuitesLocally(TestNG.java:1140)
                        	at org.testng.TestNG.run(TestNG.java:1048)
                        	at org.testng.TestNG.privateMain(TestNG.java:1355)
                        	at org.testng.TestNG.main(TestNG.java:1324)
                     </pre>
                  </div>
               </td>
            </tr>
            <tr id="orange_hrm_tests.Directory_Search_searchByNameLocation_byClass_FAIL6_row"
                class="testMethodStatusFAIL">
               <td width="100%" class="firstMethodCell">
                  <a onclick="toggleDetailsVisibility('orange_hrm_tests.Directory_Search_searchByNameLocation_byClass_FAIL6_details')">searchByNameLocation()</a>
               </td>
               <td nowrap="true">12:01:45</td>
               <td nowrap="true" align="right">1s
                  
               </td>
               <td nowrap="true">
                  <a onclick="toggleDetailsVisibility('orange_hrm_tests.Directory_Search_searchByNameLocation_byClass_FAIL6_exception')">java.lang.ArrayIndexOutOfBoundsException: 
                     10
                     
                  </a>
                   
                  
               </td>
               <td nowrap="true">
                  <a onclick="toggleDetailsVisibility('orange_hrm_tests.Directory_Search_searchByNameLocation_byClass_FAIL6_exception')">java.lang.ArrayIndexOutOfBoundsException: 
                     10
                     
                  </a>
                   
                  
               </td>
            </tr>
            <tr>
               <td colspan="4" class="detailsBox">
                  <div id="orange_hrm_tests.Directory_Search_searchByNameLocation_byClass_FAIL6_details"
                       class="testMethodDetails">
                     <div>
                        <b>Name: </b>searchByNameLocation
                     </div>
                     <div>
                        <b>Signature: </b>searchByNameLocation()[pri:6, instance:orange_hrm_tests.Directory_Search@5367af]
                     </div>
                     <div>
                        <b>Start time: </b>12:01:45
                     </div>
                     <div>
                        <b>End time: </b>12:01:47
                     </div>
                     <div>
                        <b>Duration: </b>1s
                        
                     </div>
                  </div>
               </td>
            </tr>
            <tr>
               <td colspan="4" class="detailsBox">
                  <div id="orange_hrm_tests.Directory_Search_searchByNameLocation_byClass_FAIL6_exception"
                       class="testMethodDetails">
                     <pre style="padding: 5px; margin: 0;">java.lang.ArrayIndexOutOfBoundsException: 10
                        	at orange_hrm_methods.Directory_Page.verifyTitles(Directory_Page.java:153)
                        	at orange_hrm_tests.Directory_Search.searchByNameLocation(Directory_Search.java:55)
                        	at sun.reflect.NativeMethodAccessorImpl.invoke0(Native Method)
                        	at sun.reflect.NativeMethodAccessorImpl.invoke(NativeMethodAccessorImpl.java:57)
                        	at sun.reflect.DelegatingMethodAccessorImpl.invoke(DelegatingMethodAccessorImpl.java:43)
                        	at java.lang.reflect.Method.invoke(Method.java:606)
                        	at org.testng.internal.MethodInvocationHelper.invokeMethod(MethodInvocationHelper.java:85)
                        	at org.testng.internal.Invoker.invokeMethod(Invoker.java:639)
                        	at org.testng.internal.Invoker.invokeTestMethod(Invoker.java:816)
                        	at org.testng.internal.Invoker.invokeTestMethods(Invoker.java:1124)
                        	at org.testng.internal.TestMethodWorker.invokeTestMethods(TestMethodWorker.java:125)
                        	at org.testng.internal.TestMethodWorker.run(TestMethodWorker.java:108)
                        	at org.testng.TestRunner.privateRun(TestRunner.java:774)
                        	at org.testng.TestRunner.run(TestRunner.java:624)
                        	at org.testng.SuiteRunner.runTest(SuiteRunner.java:359)
                        	at org.testng.SuiteRunner.runSequentially(SuiteRunner.java:354)
                        	at org.testng.SuiteRunner.privateRun(SuiteRunner.java:312)
                        	at org.testng.SuiteRunner.run(SuiteRunner.java:261)
                        	at org.testng.SuiteRunnerWorker.runSuite(SuiteRunnerWorker.java:52)
                        	at org.testng.SuiteRunnerWorker.run(SuiteRunnerWorker.java:86)
                        	at org.testng.TestNG.runSuitesSequentially(TestNG.java:1215)
                        	at org.testng.TestNG.runSuitesLocally(TestNG.java:1140)
                        	at org.testng.TestNG.run(TestNG.java:1048)
                        	at org.testng.TestNG.privateMain(TestNG.java:1355)
                        	at org.testng.TestNG.main(TestNG.java:1324)
                     </pre>
                  </div>
               </td>
            </tr>
            <tr id="orange_hrm_tests.Directory_Search_searchByNameTitleLocation_byClass_FAIL7_row"
                class="testMethodStatusFAIL">
               <td width="100%" class="firstMethodCell">
                  <a onclick="toggleDetailsVisibility('orange_hrm_tests.Directory_Search_searchByNameTitleLocation_byClass_FAIL7_details')">searchByNameTitleLocation()</a>
               </td>
               <td nowrap="true">12:01:47</td>
               <td nowrap="true" align="right">1s
                  
               </td>
               <td nowrap="true">
                  <a onclick="toggleDetailsVisibility('orange_hrm_tests.Directory_Search_searchByNameTitleLocation_byClass_FAIL7_exception')">java.lang.ArrayIndexOutOfBoundsException: 
                     10
                     
                  </a>
                   
                  
               </td>
               <td nowrap="true">
                  <a onclick="toggleDetailsVisibility('orange_hrm_tests.Directory_Search_searchByNameTitleLocation_byClass_FAIL7_exception')">java.lang.ArrayIndexOutOfBoundsException: 
                     10
                     
                  </a>
                   
                  
               </td>
            </tr>
            <tr>
               <td colspan="4" class="detailsBox">
                  <div id="orange_hrm_tests.Directory_Search_searchByNameTitleLocation_byClass_FAIL7_details"
                       class="testMethodDetails">
                     <div>
                        <b>Name: </b>searchByNameTitleLocation
                     </div>
                     <div>
                        <b>Signature: </b>searchByNameTitleLocation()[pri:7, instance:orange_hrm_tests.Directory_Search@5367af]
                     </div>
                     <div>
                        <b>Start time: </b>12:01:47
                     </div>
                     <div>
                        <b>End time: </b>12:01:48
                     </div>
                     <div>
                        <b>Duration: </b>1s
                        
                     </div>
                  </div>
               </td>
            </tr>
            <tr>
               <td colspan="4" class="detailsBox">
                  <div id="orange_hrm_tests.Directory_Search_searchByNameTitleLocation_byClass_FAIL7_exception"
                       class="testMethodDetails">
                     <pre style="padding: 5px; margin: 0;">java.lang.ArrayIndexOutOfBoundsException: 10
                        	at orange_hrm_methods.Directory_Page.verifyTitles(Directory_Page.java:153)
                        	at orange_hrm_tests.Directory_Search.searchByNameTitleLocation(Directory_Search.java:74)
                        	at sun.reflect.NativeMethodAccessorImpl.invoke0(Native Method)
                        	at sun.reflect.NativeMethodAccessorImpl.invoke(NativeMethodAccessorImpl.java:57)
                        	at sun.reflect.DelegatingMethodAccessorImpl.invoke(DelegatingMethodAccessorImpl.java:43)
                        	at java.lang.reflect.Method.invoke(Method.java:606)
                        	at org.testng.internal.MethodInvocationHelper.invokeMethod(MethodInvocationHelper.java:85)
                        	at org.testng.internal.Invoker.invokeMethod(Invoker.java:639)
                        	at org.testng.internal.Invoker.invokeTestMethod(Invoker.java:816)
                        	at org.testng.internal.Invoker.invokeTestMethods(Invoker.java:1124)
                        	at org.testng.internal.TestMethodWorker.invokeTestMethods(TestMethodWorker.java:125)
                        	at org.testng.internal.TestMethodWorker.run(TestMethodWorker.java:108)
                        	at org.testng.TestRunner.privateRun(TestRunner.java:774)
                        	at org.testng.TestRunner.run(TestRunner.java:624)
                        	at org.testng.SuiteRunner.runTest(SuiteRunner.java:359)
                        	at org.testng.SuiteRunner.runSequentially(SuiteRunner.java:354)
                        	at org.testng.SuiteRunner.privateRun(SuiteRunner.java:312)
                        	at org.testng.SuiteRunner.run(SuiteRunner.java:261)
                        	at org.testng.SuiteRunnerWorker.runSuite(SuiteRunnerWorker.java:52)
                        	at org.testng.SuiteRunnerWorker.run(SuiteRunnerWorker.java:86)
                        	at org.testng.TestNG.runSuitesSequentially(TestNG.java:1215)
                        	at org.testng.TestNG.runSuitesLocally(TestNG.java:1140)
                        	at org.testng.TestNG.run(TestNG.java:1048)
                        	at org.testng.TestNG.privateMain(TestNG.java:1355)
                        	at org.testng.TestNG.main(TestNG.java:1324)
                     </pre>
                  </div>
               </td>
            </tr>
         </table>
         <br></br>
      </div>
      <div style="margin-top: 15px; color: gray; text-align: center; font-size: 9px;">
         Generated with
         
         <a href="http://code.google.com/p/testng-xslt/" style="color: #8888aa;"
            target="_blank">
            TestNG XSLT
            
         </a>
      </div>
   </body>
</html>